<?xml version="1.0" encoding="UTF-8"?>
<testng-results ignored="0" total="1" passed="1" failed="0" skipped="0">
  <reporter-output>
  </reporter-output>
  <suite started-at="2024-12-15T01:34:07 IST" name="Suite" finished-at="2024-12-15T01:34:17 IST" duration-ms="10013">
    <groups>
      <group name="Master">
        <method signature="TC_003_search.search()[pri:0, instance:testCases.TC_003_search@79e2c065]" name="search" class="testCases.TC_003_search"/>
      </group> <!-- Master -->
      <group name="Sanity">
        <method signature="TC_003_search.search()[pri:0, instance:testCases.TC_003_search@79e2c065]" name="search" class="testCases.TC_003_search"/>
      </group> <!-- Sanity -->
    </groups>
    <test started-at="2024-12-15T01:34:07 IST" name="chrometest" finished-at="2024-12-15T01:34:17 IST" duration-ms="10013">
      <class name="testCases.TC_003_search">
        <test-method is-config="true" signature="setup(java.lang.String,java.lang.String)[pri:0, instance:testCases.TC_003_search@79e2c065]" started-at="2024-12-15T01:34:07 IST" name="setup" finished-at="2024-12-15T01:34:15 IST" duration-ms="8102" status="PASS">
          <params>
            <param index="0">
              <value>
                <![CDATA[windows]]>
              </value>
            </param>
            <param index="1">
              <value>
                <![CDATA[chrome]]>
              </value>
            </param>
          </params>
          <reporter-output>
          </reporter-output>
        </test-method> <!-- setup -->
        <test-method signature="search()[pri:0, instance:testCases.TC_003_search@79e2c065]" started-at="2024-12-15T01:34:15 IST" name="search" finished-at="2024-12-15T01:34:16 IST" duration-ms="1327" status="PASS">
          <reporter-output>
          </reporter-output>
        </test-method> <!-- search -->
        <test-method is-config="true" signature="teardown()[pri:0, instance:testCases.TC_003_search@79e2c065]" started-at="2024-12-15T01:34:16 IST" name="teardown" finished-at="2024-12-15T01:34:17 IST" duration-ms="436" status="PASS">
          <reporter-output>
          </reporter-output>
        </test-method> <!-- teardown -->
      </class> <!-- testCases.TC_003_search -->
    </test> <!-- chrometest -->
  </suite> <!-- Suite -->
</testng-results>
